<?xml version="1.0" encoding="UTF-8"?>
<!-- Generated by org.testng.reporters.JUnitReportReporter -->
<testsuite hostname="HUKULKAR-LAP" name="AdidasUI.AdidasUITest" tests="2" failures="0" timestamp="30 Dec 2017 05:39:11 GMT" time="139.307" errors="0">
  <testcase name="AdidasUI_Category_VerifyProductItemAndPriceTest" time="45.645" classname="AdidasUI.AdidasUITest"/>
  <testcase name="AdidasUI_Category_VerifyProductItemAndPriceTest" time="93.662" classname="AdidasUI.AdidasUITest"/>
</testsuite> <!-- AdidasUI.AdidasUITest -->
