<?xml version="1.0" encoding="UTF-8"?>
<!-- Generated by org.testng.reporters.JUnitReportReporter -->
<testsuite hostname="HUKULKAR-LAP" name="AdidasUI.AdidasUITest" tests="2" failures="0" timestamp="29 Dec 2017 16:40:23 GMT" time="65.307" errors="0">
  <testcase name="AdidasUI_Men_Jerseys_VerifyFirstProductSelectionAndPriceTest" time="50.803" classname="AdidasUI.AdidasUITest"/>
  <testcase name="AdidasUI_Verify_Empty_Bag" time="14.504" classname="AdidasUI.AdidasUITest"/>
</testsuite> <!-- AdidasUI.AdidasUITest -->
